<?xml version="1.0" encoding="UTF-8"?>
<testsuite xmlns:xsi="http://www.w3.org/2001/XMLSchema-instance" xsi:noNamespaceSchemaLocation="https://maven.apache.org/surefire/maven-surefire-plugin/xsd/surefire-test-report-3.0.xsd" version="3.0" name="model.BookTest" time="0.273" tests="21" errors="0" skipped="0" failures="0">
  <properties>
[...]
</properties>
  <testcase name="testGetAndSetPublicationDate" classname="model.BookTest" time="0.086"/>
  <testcase name="testEquals_differentId" classname="model.BookTest" time="0.004"/>
  <testcase name="testHashCode_consistencyWithEquals" classname="model.BookTest" time="0.006"/>
  <testcase name="testNoArgsConstructor" classname="model.BookTest" time="0.005"/>
  <testcase name="testEquals_differentClass" classname="model.BookTest" time="0.003"/>
  <testcase name="testEquals_differentIsbn" classname="model.BookTest" time="0.002"/>
  <testcase name="testHashCode_differentObjects" classname="model.BookTest" time="0.004"/>
  <testcase name="testGetAndSetIsbn" classname="model.BookTest" time="0.002"/>
  <testcase name="testGetAndSetId" classname="model.BookTest" time="0.002"/>
  <testcase name="testAllArgsConstructor" classname="model.BookTest" time="0.005"/>
  <testcase name="testEquals_equalObjects" classname="model.BookTest" time="0.005"/>
  <testcase name="testGetAndSetAuthor" classname="model.BookTest" time="0.002"/>
  <testcase name="testIsAndSetAvailable" classname="model.BookTest" time="0.012"/>
  <testcase name="testHashCode_sameIdDifferentIsbn" classname="model.BookTest" time="0.003"/>
  <testcase name="testGetAndSetGenre" classname="model.BookTest" time="0.002"/>
  <testcase name="testGetAndSetTitle" classname="model.BookTest" time="0.005"/>
  <testcase name="testEquals_nullObject" classname="model.BookTest" time="0.002"/>
  <testcase name="testEquals_differentIdAndIsbn" classname="model.BookTest" time="0.002"/>
  <testcase name="testEquals_sameObject" classname="model.BookTest" time="0.002"/>
  <testcase name="testIsAndSetLost" classname="model.BookTest" time="0.002"/>
  <testcase name="testHashCode_differentIdSameIsbn" classname="model.BookTest" time="0.002"/>
</testsuite>