<?xml version="1.0" encoding="UTF-8"?>
<testsuite xmlns:xsi="http://www.w3.org/2001/XMLSchema-instance" xsi:noNamespaceSchemaLocation="https://maven.apache.org/surefire/maven-surefire-plugin/xsd/surefire-test-report-3.0.xsd" version="3.0" name="model.UserTest" time="0.234" tests="12" errors="0" skipped="0" failures="0">
  <properties>
[...]
</properties>
  <testcase name="shouldReturnOnlyFirstNameWhenLastNameIsEmpty" classname="model.UserTest" time="0.062"/>
  <testcase name="shouldNotBeEqualWhenEmailIsDifferent" classname="model.UserTest" time="0.008"/>
  <testcase name="shouldCreateUserWithAllArgumentsConstructor" classname="model.UserTest" time="0.0"/>
  <testcase name="shouldBeEqualWhenIdAndEmailAreEqual" classname="model.UserTest" time="0.004"/>
  <testcase name="shouldContainImportantFieldsInToString" classname="model.UserTest" time="0.042"/>
  <testcase name="shouldReturnFullName" classname="model.UserTest" time="0.0"/>
  <testcase name="shouldCreateUserWithDefaultConstructor" classname="model.UserTest" time="0.002"/>
  <testcase name="shouldNotBeEqualToNull" classname="model.UserTest" time="0.003"/>
  <testcase name="shouldHaveSameHashCodeWhenObjectsAreEqual" classname="model.UserTest" time="0.0"/>
  <testcase name="shouldSetAndGetAllFields" classname="model.UserTest" time="0.004"/>
  <testcase name="shouldNotBeEqualWhenIdIsDifferent" classname="model.UserTest" time="0.0"/>
  <testcase name="shouldNotBeEqualToDifferentClass" classname="model.UserTest" time="0.0"/>
</testsuite>